\BOOKMARK [1][-]{section.1}{Introduction}{}
\BOOKMARK [2][-]{subsection.1.1}{Purpose}{section.1}
\BOOKMARK [2][-]{subsection.1.2}{Scope}{section.1}
\BOOKMARK [2][-]{subsection.1.3}{Definitions}{section.1}
\BOOKMARK [2][-]{subsection.1.4}{References}{section.1}
\BOOKMARK [2][-]{subsection.1.5}{Revision tracking:}{section.1}
\BOOKMARK [1][-]{section.2}{Overall description}{}
\BOOKMARK [2][-]{subsection.2.1}{Product functions}{section.2}
\BOOKMARK [2][-]{subsection.2.2}{User Characteristics}{section.2}
\BOOKMARK [2][-]{subsection.2.3}{Assumptions and Dependencies}{section.2}
\BOOKMARK [1][-]{section.3}{Specific requirements}{}
\BOOKMARK [2][-]{subsection.3.1}{Functional requirements}{section.3}
\BOOKMARK [3][-]{subsubsection.3.1.1}{Displayed data for tasks}{subsection.3.1}
\BOOKMARK [3][-]{subsubsection.3.1.2}{Displayed data for appointments}{subsection.3.1}
\BOOKMARK [3][-]{subsubsection.3.1.3}{Active List}{subsection.3.1}
\BOOKMARK [3][-]{subsubsection.3.1.4}{Inactive List}{subsection.3.1}
\BOOKMARK [3][-]{subsubsection.3.1.5}{Modification of fields}{subsection.3.1}
\BOOKMARK [3][-]{subsubsection.3.1.6}{Interactions}{subsection.3.1}
\BOOKMARK [3][-]{subsubsection.3.1.7}{Behavior without interaction}{subsection.3.1}
\BOOKMARK [2][-]{subsection.3.2}{Non-functional requirements}{section.3}
